<?xml version="1.0" encoding="UTF-8"?>
<!-- Generated by org.testng.reporters.JUnitXMLReporter -->
<testsuite hostname="MSC-PC04L71H" ignored="4" name="Default test(failed)(failed)" tests="2" failures="1" timestamp="05 Aug 2019 16:23:51 GMT" time="12.165" errors="0">
  <testcase name="googleTitleTest" time="0.036" classname="com.test.GoogleTitleTest">
    <failure type="java.lang.AssertionError" message="Titles dont match expected [Google123] but found [Google]">
      <![CDATA[java.lang.AssertionError: Titles dont match expected [Google123] but found [Google]
at com.test.GoogleTitleTest.googleTitleTest(GoogleTitleTest.java:36)
... Removed 30 stack frames]]>
    </failure>
  </testcase> <!-- googleTitleTest -->
  <testcase name="linktest" time="0.037" classname="com.test.GoogleTitleTest"/>
  <testcase name="test3" time="0.0" classname="com.test.GoogleTitleTest">
    <ignored/>
  </testcase> <!-- test3 -->
  <testcase name="test2" time="0.0" classname="com.test.GoogleTitleTest">
    <ignored/>
  </testcase> <!-- test2 -->
  <testcase name="googleLogoTest" time="0.0" classname="com.test.GoogleTitleTest">
    <ignored/>
  </testcase> <!-- googleLogoTest -->
  <testcase name="test1" time="0.0" classname="com.test.GoogleTitleTest">
    <ignored/>
  </testcase> <!-- test1 -->
</testsuite> <!-- Default test(failed)(failed) -->
