<?xml version="1.0" encoding="UTF-8"?>
<!-- Generated by org.testng.reporters.JUnitXMLReporter -->
<testsuite hostname="MSC-PC04L71H" ignored="0" name="Google testing" tests="23" failures="1" timestamp="27 Jul 2019 03:29:46 GMT" time="31.844" errors="0">
  <testcase name="googleLogoTest" time="0.097" classname="com.test.GoogleTitleTest"/>
  <testcase name="googleTitleTest" time="0.008" classname="com.test.GoogleTitleTest">
    <failure type="java.lang.AssertionError" message="Titles dont match expected [Google123] but found [Google]">
      <![CDATA[java.lang.AssertionError: Titles dont match expected [Google123] but found [Google]
at com.test.GoogleTitleTest.googleTitleTest(GoogleTitleTest.java:35)
... Removed 30 stack frames]]>
    </failure>
  </testcase> <!-- googleTitleTest -->
  <testcase name="linktest" time="0.044" classname="com.test.GoogleTitleTest"/>
  <testcase name="test1" time="0.002" classname="com.test.GoogleTitleTest"/>
  <testcase name="test2" time="0.001" classname="com.test.GoogleTitleTest"/>
  <testcase name="test3" time="0.001" classname="com.test.GoogleTitleTest"/>
  <testcase name="loginTest" time="0.0" classname="com.test.testNGFeatures"/>
  <testcase name="homePageTest" time="0.008" classname="com.test.testNGFeatures"/>
  <testcase name="regPageTest" time="0.004" classname="com.test.testNGFeatures"/>
  <testcase name="searchPageTest" time="0.004" classname="com.test.testNGFeatures"/>
  <testcase name="sum" time="0.0" classname="com.test.invocationCountTest"/>
  <testcase name="sum" time="0.004" classname="com.test.invocationCountTest"/>
  <testcase name="sum" time="0.0" classname="com.test.invocationCountTest"/>
  <testcase name="sum" time="0.004" classname="com.test.invocationCountTest"/>
  <testcase name="sum" time="0.0" classname="com.test.invocationCountTest"/>
  <testcase name="sum" time="0.004" classname="com.test.invocationCountTest"/>
  <testcase name="sum" time="0.004" classname="com.test.invocationCountTest"/>
  <testcase name="sum" time="0.0" classname="com.test.invocationCountTest"/>
  <testcase name="sum" time="0.004" classname="com.test.invocationCountTest"/>
  <testcase name="sum" time="0.0" classname="com.test.invocationCountTest"/>
  <testcase name="googleLogoTest" time="0.0" classname="com.test.TestNGBasics"/>
  <testcase name="googleTitleTest" time="0.0" classname="com.test.TestNGBasics"/>
  <testcase name="searchTest" time="0.0" classname="com.test.TestNGBasics"/>
</testsuite> <!-- Google testing -->
