<?xml version="1.0" encoding="UTF-8"?>
<!-- Generated by org.testng.reporters.JUnitXMLReporter -->
<testsuite hostname="MSC-PC04L71H" ignored="1" name="Google testing unittest" tests="22" failures="1" timestamp="14 Aug 2019 19:33:23 GMT" time="32.605" errors="0">
  <testcase name="googleLogoTest" time="0.107" classname="com.test.GoogleTitleTest"/>
  <testcase name="googleTitleTest" time="0.014" classname="com.test.GoogleTitleTest">
    <failure type="java.lang.AssertionError" message="Titles dont match expected [Google123] but found [Google]">
      <![CDATA[java.lang.AssertionError: Titles dont match expected [Google123] but found [Google]
at com.test.GoogleTitleTest.googleTitleTest(GoogleTitleTest.java:36)
... Removed 30 stack frames]]>
    </failure>
  </testcase> <!-- googleTitleTest -->
  <testcase name="linktest" time="0.056" classname="com.test.GoogleTitleTest"/>
  <testcase name="test1" time="0.002" classname="com.test.GoogleTitleTest"/>
  <testcase name="test2" time="0.001" classname="com.test.GoogleTitleTest"/>
  <testcase name="test3" time="0.001" classname="com.test.GoogleTitleTest"/>
  <testcase name="googleLogoTest" time="0.005" classname="com.test.TestNGBasics"/>
  <testcase name="googleTitleTest" time="0.002" classname="com.test.TestNGBasics"/>
  <testcase name="searchTest" time="0.003" classname="com.test.TestNGBasics"/>
  <testcase name="sum" time="0.002" classname="com.test.invocationCountTest"/>
  <testcase name="sum" time="0.001" classname="com.test.invocationCountTest"/>
  <testcase name="sum" time="0.005" classname="com.test.invocationCountTest"/>
  <testcase name="sum" time="0.007" classname="com.test.invocationCountTest"/>
  <testcase name="sum" time="0.002" classname="com.test.invocationCountTest"/>
  <testcase name="sum" time="0.001" classname="com.test.invocationCountTest"/>
  <testcase name="sum" time="0.002" classname="com.test.invocationCountTest"/>
  <testcase name="sum" time="0.003" classname="com.test.invocationCountTest"/>
  <testcase name="sum" time="0.001" classname="com.test.invocationCountTest"/>
  <testcase name="sum" time="0.005" classname="com.test.invocationCountTest"/>
  <testcase name="loginTest" time="0.002" classname="com.test.testNGFeatures"/>
  <testcase name="regPageTest" time="0.001" classname="com.test.testNGFeatures"/>
  <testcase name="searchPageTest" time="0.001" classname="com.test.testNGFeatures"/>
  <testcase name="homePageTest" time="0.0" classname="com.test.testNGFeatures">
    <ignored/>
  </testcase> <!-- homePageTest -->
</testsuite> <!-- Google testing unittest -->
